


ARM Macro Assembler    Page 1 


    1 00000000         ;******************** (C) COPYRIGHT 2016 STMicroelectron
                       ics ********************
    2 00000000         ;* File Name          : startup_stm32f411xe.s
    3 00000000         ;* Author             : MCD Application Team
    4 00000000         ;* @version           : V1.8.0
    5 00000000         ;* @date              : 09-November-2016
    6 00000000         ;* Description        : STM32F411xExx devices vector tab
                       le for MDK-ARM toolchain. 
    7 00000000         ;*                      This module performs:
    8 00000000         ;*                      - Set the initial SP
    9 00000000         ;*                      - Set the initial PC == Reset_Ha
                       ndler
   10 00000000         ;*                      - Set the vector table entries w
                       ith the exceptions ISR address
   11 00000000         ;*                      - Branches to __main in the C li
                       brary (which eventually
   12 00000000         ;*                        calls main()).
   13 00000000         ;*                      After Reset the CortexM4 process
                       or is in Thread mode,
   14 00000000         ;*                      priority is Privileged, and the 
                       Stack is set to Main.
   15 00000000         ;* <<< Use Configuration Wizard in Context Menu >>>   
   16 00000000         ;*******************************************************
                       ************************
   17 00000000         ; 
   18 00000000         ;* Redistribution and use in source and binary forms, wi
                       th or without modification,
   19 00000000         ;* are permitted provided that the following conditions 
                       are met:
   20 00000000         ;*   1. Redistributions of source code must retain the a
                       bove copyright notice,
   21 00000000         ;*      this list of conditions and the following discla
                       imer.
   22 00000000         ;*   2. Redistributions in binary form must reproduce th
                       e above copyright notice,
   23 00000000         ;*      this list of conditions and the following discla
                       imer in the documentation
   24 00000000         ;*      and/or other materials provided with the distrib
                       ution.
   25 00000000         ;*   3. Neither the name of STMicroelectronics nor the n
                       ames of its contributors
   26 00000000         ;*      may be used to endorse or promote products deriv
                       ed from this software
   27 00000000         ;*      without specific prior written permission.
   28 00000000         ;*
   29 00000000         ;* THIS SOFTWARE IS PROVIDED BY THE COPYRIGHT HOLDERS AN
                       D CONTRIBUTORS "AS IS"
   30 00000000         ;* AND ANY EXPRESS OR IMPLIED WARRANTIES, INCLUDING, BUT
                        NOT LIMITED TO, THE
   31 00000000         ;* IMPLIED WARRANTIES OF MERCHANTABILITY AND FITNESS FOR
                        A PARTICULAR PURPOSE ARE
   32 00000000         ;* DISCLAIMED. IN NO EVENT SHALL THE COPYRIGHT HOLDER OR
                        CONTRIBUTORS BE LIABLE
   33 00000000         ;* FOR ANY DIRECT, INDIRECT, INCIDENTAL, SPECIAL, EXEMPL
                       ARY, OR CONSEQUENTIAL
   34 00000000         ;* DAMAGES (INCLUDING, BUT NOT LIMITED TO, PROCUREMENT O
                       F SUBSTITUTE GOODS OR
   35 00000000         ;* SERVICES; LOSS OF USE, DATA, OR PROFITS; OR BUSINESS 
                       INTERRUPTION) HOWEVER



ARM Macro Assembler    Page 2 


   36 00000000         ;* CAUSED AND ON ANY THEORY OF LIABILITY, WHETHER IN CON
                       TRACT, STRICT LIABILITY,
   37 00000000         ;* OR TORT (INCLUDING NEGLIGENCE OR OTHERWISE) ARISING I
                       N ANY WAY OUT OF THE USE
   38 00000000         ;* OF THIS SOFTWARE, EVEN IF ADVISED OF THE POSSIBILITY 
                       OF SUCH DAMAGE.
   39 00000000         ; 
   40 00000000         ;*******************************************************
                       ************************
   41 00000000         
   42 00000000         ; Amount of memory (in bytes) allocated for Stack
   43 00000000         ; Tailor this value to your application needs
   44 00000000         ; <h> Stack Configuration
   45 00000000         ;   <o> Stack Size (in Bytes) <0x0-0xFFFFFFFF:8>
   46 00000000         ; </h>
   47 00000000         
   48 00000000 00001000 
                       Stack_Size
                               EQU              0x00001000
   49 00000000         
   50 00000000                 AREA             STACK, NOINIT, READWRITE, ALIGN
=3
   51 00000000         Stack_Mem
                               SPACE            Stack_Size
   52 00001000         __initial_sp
   53 00001000         
   54 00001000         
   55 00001000         ; <h> Heap Configuration
   56 00001000         ;   <o>  Heap Size (in Bytes) <0x0-0xFFFFFFFF:8>
   57 00001000         ; </h>
   58 00001000         
   59 00001000 00000200 
                       Heap_Size
                               EQU              0x00000200
   60 00001000         
   61 00001000                 AREA             HEAP, NOINIT, READWRITE, ALIGN=
3
   62 00000000         __heap_base
   63 00000000         Heap_Mem
                               SPACE            Heap_Size
   64 00000200         __heap_limit
   65 00000200         
   66 00000200                 PRESERVE8
   67 00000200                 THUMB
   68 00000200         
   69 00000200         
   70 00000200         ; Vector Table Mapped to Address 0 at Reset
   71 00000200                 AREA             RESET, DATA, READONLY
   72 00000000                 EXPORT           __Vectors
   73 00000000                 EXPORT           __Vectors_End
   74 00000000                 EXPORT           __Vectors_Size
   75 00000000         
   76 00000000 00000000 
                       __Vectors
                               DCD              __initial_sp ; Top of Stack
   77 00000004 00000000        DCD              Reset_Handler ; Reset Handler
   78 00000008 00000000        DCD              NMI_Handler ; NMI Handler
   79 0000000C 00000000        DCD              HardFault_Handler ; Hard Fault 
                                                            Handler



ARM Macro Assembler    Page 3 


   80 00000010 00000000        DCD              MemManage_Handler 
                                                            ; MPU Fault Handler
                                                            
   81 00000014 00000000        DCD              BusFault_Handler 
                                                            ; Bus Fault Handler
                                                            
   82 00000018 00000000        DCD              UsageFault_Handler ; Usage Faul
                                                            t Handler
   83 0000001C 00000000        DCD              0           ; Reserved
   84 00000020 00000000        DCD              0           ; Reserved
   85 00000024 00000000        DCD              0           ; Reserved
   86 00000028 00000000        DCD              0           ; Reserved
   87 0000002C 00000000        DCD              SVC_Handler ; SVCall Handler
   88 00000030 00000000        DCD              DebugMon_Handler ; Debug Monito
                                                            r Handler
   89 00000034 00000000        DCD              0           ; Reserved
   90 00000038 00000000        DCD              OS_CPU_PendSVHandler 
                                                            ; PendSV Handler
   91 0000003C 00000000        DCD              OS_CPU_SysTickHandler 
                                                            ; SysTick Handler
   92 00000040         
   93 00000040         ; External Interrupts
   94 00000040 00000000        DCD              WWDG_IRQHandler ; Window WatchD
                                                            og                 
                                                                               
                                                                
   95 00000044 00000000        DCD              PVD_IRQHandler ; PVD through EX
                                                            TI Line detection  
                                                                               
                                                               
   96 00000048 00000000        DCD              TAMP_STAMP_IRQHandler ; Tamper 
                                                            and TimeStamps thro
                                                            ugh the EXTI line  
                                                                      
   97 0000004C 00000000        DCD              RTC_WKUP_IRQHandler ; RTC Wakeu
                                                            p through the EXTI 
                                                            line               
                                                                    
   98 00000050 00000000        DCD              FLASH_IRQHandler ; FLASH       
                                                                               
                                                                             
   99 00000054 00000000        DCD              RCC_IRQHandler ; RCC           
                                                                               
                                                                           
  100 00000058 00000000        DCD              EXTI0_IRQHandler ; EXTI Line0  
                                                                               
                                                                               
                                                                 
  101 0000005C 00000000        DCD              EXTI1_IRQHandler ; EXTI Line1  
                                                                               
                                                                               
                                                                 
  102 00000060 00000000        DCD              EXTI2_IRQHandler ; EXTI Line2  
                                                                               
                                                                               
                                                                 
  103 00000064 00000000        DCD              EXTI3_IRQHandler ; EXTI Line3  
                                                                               
                                                                               



ARM Macro Assembler    Page 4 


                                                                 
  104 00000068 00000000        DCD              EXTI4_IRQHandler ; EXTI Line4  
                                                                               
                                                                               
                                                                 
  105 0000006C 00000000        DCD              DMA1_Stream0_IRQHandler ; DMA1 
                                                            Stream 0           
                                                                               
                                                                 
  106 00000070 00000000        DCD              DMA1_Stream1_IRQHandler ; DMA1 
                                                            Stream 1           
                                                                               
                                                                 
  107 00000074 00000000        DCD              DMA1_Stream2_IRQHandler ; DMA1 
                                                            Stream 2           
                                                                               
                                                                 
  108 00000078 00000000        DCD              DMA1_Stream3_IRQHandler ; DMA1 
                                                            Stream 3           
                                                                               
                                                                 
  109 0000007C 00000000        DCD              DMA1_Stream4_IRQHandler ; DMA1 
                                                            Stream 4           
                                                                               
                                                                 
  110 00000080 00000000        DCD              DMA1_Stream5_IRQHandler ; DMA1 
                                                            Stream 5           
                                                                               
                                                                 
  111 00000084 00000000        DCD              DMA1_Stream6_IRQHandler ; DMA1 
                                                            Stream 6           
                                                                               
                                                                 
  112 00000088 00000000        DCD              ADC_IRQHandler ; ADC1, ADC2 and
                                                             ADC3s             
                                                                           
  113 0000008C 00000000        DCD              0           ; Reserved         
                                                                               
                                                                               
                                                             
  114 00000090 00000000        DCD              0           ; Reserved         
                                                                               
                                                                               
                                                            
  115 00000094 00000000        DCD              0           ; Reserved         
                                                                               
                                                                             
  116 00000098 00000000        DCD              0           ; Reserved         
                                                                               
                                                                               
                                                            
  117 0000009C 00000000        DCD              EXTI9_5_IRQHandler ; External L
                                                            ine[9:5]s          
                                                                               
                                                                   
  118 000000A0 00000000        DCD              TIM1_BRK_TIM9_IRQHandler ; TIM1
                                                             Break and TIM9    
                                                                           
  119 000000A4 00000000        DCD              TIM1_UP_TIM10_IRQHandler ; TIM1



ARM Macro Assembler    Page 5 


                                                             Update and TIM10  
                                                                           
  120 000000A8 00000000        DCD              TIM1_TRG_COM_TIM11_IRQHandler ;
                                                             TIM1 Trigger and C
                                                            ommutation and TIM1
                                                            1
  121 000000AC 00000000        DCD              TIM1_CC_IRQHandler ; TIM1 Captu
                                                            re Compare         
                                                                               
                                                                   
  122 000000B0 00000000        DCD              TIM2_IRQHandler ; TIM2         
                                                                               
                                                                            
  123 000000B4 00000000        DCD              TIM3_IRQHandler ; TIM3         
                                                                               
                                                                            
  124 000000B8 00000000        DCD              TIM4_IRQHandler ; TIM4         
                                                                               
                                                                            
  125 000000BC 00000000        DCD              I2C1_EV_IRQHandler ; I2C1 Event
                                                                               
                                                                               
                                                                   
  126 000000C0 00000000        DCD              I2C1_ER_IRQHandler ; I2C1 Error
                                                                               
                                                                               
                                                                   
  127 000000C4 00000000        DCD              I2C2_EV_IRQHandler ; I2C2 Event
                                                                               
                                                                               
                                                                   
  128 000000C8 00000000        DCD              I2C2_ER_IRQHandler ; I2C2 Error
                                                                               
                                                                               
                                                                     
  129 000000CC 00000000        DCD              SPI1_IRQHandler ; SPI1         
                                                                               
                                                                            
  130 000000D0 00000000        DCD              SPI2_IRQHandler ; SPI2         
                                                                               
                                                                            
  131 000000D4 00000000        DCD              USART1_IRQHandler ; USART1     
                                                                               
                                                                              
  132 000000D8 00000000        DCD              USART2_IRQHandler ; USART2     
                                                                               
                                                                              
  133 000000DC 00000000        DCD              0           ; Reserved         
                                                                               
                                                                          
  134 000000E0 00000000        DCD              EXTI15_10_IRQHandler ; External
                                                             Line[15:10]s      
                                                                               
                                                                     
  135 000000E4 00000000        DCD              RTC_Alarm_IRQHandler ; RTC Alar
                                                            m (A and B) through
                                                             EXTI Line         
                                                                     
  136 000000E8 00000000        DCD              OTG_FS_WKUP_IRQHandler ; USB OT



ARM Macro Assembler    Page 6 


                                                            G FS Wakeup through
                                                             EXTI line         
                                                                           
  137 000000EC 00000000        DCD              0           ; Reserved         
                                                                     
  138 000000F0 00000000        DCD              0           ; Reserved         
                                                                    
  139 000000F4 00000000        DCD              0           ; Reserved
  140 000000F8 00000000        DCD              0           ; Reserved         
                                                                               
                                                                   
  141 000000FC 00000000        DCD              DMA1_Stream7_IRQHandler ; DMA1 
                                                            Stream7            
                                                                               
                                                                        
  142 00000100 00000000        DCD              0           ; Reserved         
                                                                               
                                                                             
  143 00000104 00000000        DCD              SDIO_IRQHandler ; SDIO         
                                                                               
                                                                            
  144 00000108 00000000        DCD              TIM5_IRQHandler ; TIM5         
                                                                               
                                                                            
  145 0000010C 00000000        DCD              SPI3_IRQHandler ; SPI3         
                                                                               
                                                                            
  146 00000110 00000000        DCD              0           ; Reserved         
                                                                               
                                                                           
  147 00000114 00000000        DCD              0           ; Reserved         
                                                                               
                                                                           
  148 00000118 00000000        DCD              0           ; Reserved         
                                                                      
  149 0000011C 00000000        DCD              0           ; Reserved         
                                                                      
  150 00000120 00000000        DCD              DMA2_Stream0_IRQHandler ; DMA2 
                                                            Stream 0           
                                                                               
                                                                 
  151 00000124 00000000        DCD              DMA2_Stream1_IRQHandler ; DMA2 
                                                            Stream 1           
                                                                               
                                                                 
  152 00000128 00000000        DCD              DMA2_Stream2_IRQHandler ; DMA2 
                                                            Stream 2           
                                                                               
                                                                 
  153 0000012C 00000000        DCD              DMA2_Stream3_IRQHandler ; DMA2 
                                                            Stream 3           
                                                                               
                                                                 
  154 00000130 00000000        DCD              DMA2_Stream4_IRQHandler 
                                                            ; DMA2 Stream 4
  155 00000134 00000000        DCD              0           ; Reserved  
  156 00000138 00000000        DCD              0           ; Reserved  
  157 0000013C 00000000        DCD              0           ; Reserved         
                                                                               



ARM Macro Assembler    Page 7 


                                                                              
  158 00000140 00000000        DCD              0           ; Reserved         
                                                                               
                                                                               
                                                            
  159 00000144 00000000        DCD              0           ; Reserved         
                                                                               
                                                                               
                                                            
  160 00000148 00000000        DCD              0           ; Reserved         
                                                                               
                                                                               
                                                            
  161 0000014C 00000000        DCD              OTG_FS_IRQHandler ; USB OTG FS 
                                                                               
                                                                              
  162 00000150 00000000        DCD              DMA2_Stream5_IRQHandler ; DMA2 
                                                            Stream 5           
                                                                               
                                                                 
  163 00000154 00000000        DCD              DMA2_Stream6_IRQHandler ; DMA2 
                                                            Stream 6           
                                                                               
                                                                 
  164 00000158 00000000        DCD              DMA2_Stream7_IRQHandler ; DMA2 
                                                            Stream 7           
                                                                               
                                                                 
  165 0000015C 00000000        DCD              USART6_IRQHandler ; USART6     
                                                                               
                                                                               
                                                            
  166 00000160 00000000        DCD              I2C3_EV_IRQHandler ; I2C3 event
                                                                               
                                                                               
                                                                   
  167 00000164 00000000        DCD              I2C3_ER_IRQHandler ; I2C3 error
                                                                               
                                                                               
                                                                   
  168 00000168 00000000        DCD              0           ; Reserved         
                                                                        
  169 0000016C 00000000        DCD              0           ; Reserved         
                                                                          
  170 00000170 00000000        DCD              0           ; Reserved         
                                                                            
  171 00000174 00000000        DCD              0           ; Reserved         
                                                                               
                                                                    
  172 00000178 00000000        DCD              0           ; Reserved  
  173 0000017C 00000000        DCD              0           ; Reserved         
                                                                               
                                                                  
  174 00000180 00000000        DCD              0           ; Reserved
  175 00000184 00000000        DCD              FPU_IRQHandler ; FPU
  176 00000188 00000000        DCD              0           ; Reserved
  177 0000018C 00000000        DCD              0           ; Reserved
  178 00000190 00000000        DCD              SPI4_IRQHandler ; SPI4
  179 00000194 00000000        DCD              SPI5_IRQHandler ; SPI5



ARM Macro Assembler    Page 8 


  180 00000198         
  181 00000198         __Vectors_End
  182 00000198         
  183 00000198 00000198 
                       __Vectors_Size
                               EQU              __Vectors_End - __Vectors
  184 00000198         
  185 00000198                 AREA             |.text|, CODE, READONLY
  186 00000000         
  187 00000000         ; Reset handler
  188 00000000         Reset_Handler
                               PROC
  189 00000000                 EXPORT           Reset_Handler             [WEAK
]
  190 00000000                 IMPORT           SystemInit
  191 00000000                 IMPORT           __main
  192 00000000         
  193 00000000                 IF               {FPU} != "SoftVFP"
  194 00000000         ; Enable Floating Point Support at reset for FPU
  195 00000000 F8DF 0038       LDR.W            R0, =0xE000ED88 ; Load address 
                                                            of CPACR register
  196 00000004 6801            LDR              R1, [R0]    ; Read value at CPA
                                                            CR
  197 00000006 F441 0170       ORR              R1,  R1, #(0xF <<20) ; Set bits
                                                             20-23 to enable CP
                                                            10 and CP11 coproce
                                                            ssors
  198 0000000A         ; Write back the modified CPACR value
  199 0000000A 6001            STR              R1, [R0]    ; Wait for store to
                                                             complete
  200 0000000C F3BF 8F4F       DSB
  201 00000010         
  202 00000010         ; Disable automatic FP register content
  203 00000010         ; Disable lazy context switch
  204 00000010 F8DF 002C       LDR.W            R0, =0xE000EF34 ; Load address 
                                                            to FPCCR register
  205 00000014 6801            LDR              R1, [R0]
  206 00000016 F021 4140       AND              R1,  R1, #(0x3FFFFFFF) ; Clear 
                                                            the LSPEN and ASPEN
                                                             bits
  207 0000001A 6001            STR              R1, [R0]
  208 0000001C F3BF 8F6F       ISB                          ; Reset pipeline no
                                                            w the FPU is enable
                                                            d
  209 00000020                 ENDIF
  210 00000020         
  211 00000020 4808            LDR              R0, =SystemInit
  212 00000022 4780            BLX              R0
  213 00000024 4808            LDR              R0, =__main
  214 00000026 4700            BX               R0
  215 00000028                 ENDP
  216 00000028         
  217 00000028         ; Dummy Exception Handlers (infinite loops which can be 
                       modified)
  218 00000028         
  219 00000028         NMI_Handler
                               PROC
  220 00000028                 EXPORT           NMI_Handler                [WEA
K]



ARM Macro Assembler    Page 9 


  221 00000028 E7FE            B                .
  222 0000002A                 ENDP
  224 0000002A         HardFault_Handler
                               PROC
  225 0000002A                 EXPORT           HardFault_Handler          [WEA
K]
  226 0000002A E7FE            B                .
  227 0000002C                 ENDP
  229 0000002C         MemManage_Handler
                               PROC
  230 0000002C                 EXPORT           MemManage_Handler          [WEA
K]
  231 0000002C E7FE            B                .
  232 0000002E                 ENDP
  234 0000002E         BusFault_Handler
                               PROC
  235 0000002E                 EXPORT           BusFault_Handler           [WEA
K]
  236 0000002E E7FE            B                .
  237 00000030                 ENDP
  239 00000030         UsageFault_Handler
                               PROC
  240 00000030                 EXPORT           UsageFault_Handler         [WEA
K]
  241 00000030 E7FE            B                .
  242 00000032                 ENDP
  243 00000032         SVC_Handler
                               PROC
  244 00000032                 EXPORT           SVC_Handler                [WEA
K]
  245 00000032 E7FE            B                .
  246 00000034                 ENDP
  248 00000034         DebugMon_Handler
                               PROC
  249 00000034                 EXPORT           DebugMon_Handler           [WEA
K]
  250 00000034 E7FE            B                .
  251 00000036                 ENDP
  252 00000036         
  253 00000036         OS_CPU_PendSVHandler
                               PROC
  254 00000036                 EXPORT           OS_CPU_PendSVHandler           
  [WEAK]
  255 00000036 E7FE            B                .
  256 00000038                 ENDP
  257 00000038         OS_CPU_SysTickHandler
                               PROC
  258 00000038                 EXPORT           OS_CPU_SysTickHandler          
  [WEAK]
  259 00000038 E7FE            B                .
  260 0000003A                 ENDP
  261 0000003A         
  262 0000003A         
  263 0000003A         Default_Handler
                               PROC
  264 0000003A         
  265 0000003A                 EXPORT           WWDG_IRQHandler                
   [WEAK]
  266 0000003A                 EXPORT           PVD_IRQHandler                 



ARM Macro Assembler    Page 10 


   [WEAK]
  267 0000003A                 EXPORT           TAMP_STAMP_IRQHandler          
   [WEAK]
  268 0000003A                 EXPORT           RTC_WKUP_IRQHandler            
   [WEAK]
  269 0000003A                 EXPORT           FLASH_IRQHandler               
   [WEAK]
  270 0000003A                 EXPORT           RCC_IRQHandler                 
   [WEAK]
  271 0000003A                 EXPORT           EXTI0_IRQHandler               
   [WEAK]
  272 0000003A                 EXPORT           EXTI1_IRQHandler               
   [WEAK]
  273 0000003A                 EXPORT           EXTI2_IRQHandler               
   [WEAK]
  274 0000003A                 EXPORT           EXTI3_IRQHandler               
   [WEAK]
  275 0000003A                 EXPORT           EXTI4_IRQHandler               
   [WEAK]
  276 0000003A                 EXPORT           DMA1_Stream0_IRQHandler        
   [WEAK]
  277 0000003A                 EXPORT           DMA1_Stream1_IRQHandler        
   [WEAK]
  278 0000003A                 EXPORT           DMA1_Stream2_IRQHandler        
   [WEAK]
  279 0000003A                 EXPORT           DMA1_Stream3_IRQHandler        
   [WEAK]
  280 0000003A                 EXPORT           DMA1_Stream4_IRQHandler        
   [WEAK]
  281 0000003A                 EXPORT           DMA1_Stream5_IRQHandler        
   [WEAK]
  282 0000003A                 EXPORT           DMA1_Stream6_IRQHandler        
   [WEAK]
  283 0000003A                 EXPORT           ADC_IRQHandler                 
   [WEAK]
  284 0000003A                 EXPORT           EXTI9_5_IRQHandler             
   [WEAK]
  285 0000003A                 EXPORT           TIM1_BRK_TIM9_IRQHandler       
   [WEAK]
  286 0000003A                 EXPORT           TIM1_UP_TIM10_IRQHandler       
   [WEAK]
  287 0000003A                 EXPORT           TIM1_TRG_COM_TIM11_IRQHandler  
   [WEAK]
  288 0000003A                 EXPORT           TIM1_CC_IRQHandler             
   [WEAK]
  289 0000003A                 EXPORT           TIM2_IRQHandler                
   [WEAK]
  290 0000003A                 EXPORT           TIM3_IRQHandler                
   [WEAK]
  291 0000003A                 EXPORT           TIM4_IRQHandler                
   [WEAK]
  292 0000003A                 EXPORT           I2C1_EV_IRQHandler             
   [WEAK]
  293 0000003A                 EXPORT           I2C1_ER_IRQHandler             
   [WEAK]
  294 0000003A                 EXPORT           I2C2_EV_IRQHandler             
   [WEAK]
  295 0000003A                 EXPORT           I2C2_ER_IRQHandler             
   [WEAK]



ARM Macro Assembler    Page 11 


  296 0000003A                 EXPORT           SPI1_IRQHandler                
   [WEAK]
  297 0000003A                 EXPORT           SPI2_IRQHandler                
   [WEAK]
  298 0000003A                 EXPORT           USART1_IRQHandler              
   [WEAK]
  299 0000003A                 EXPORT           USART2_IRQHandler              
   [WEAK]
  300 0000003A                 EXPORT           EXTI15_10_IRQHandler           
   [WEAK]
  301 0000003A                 EXPORT           RTC_Alarm_IRQHandler           
   [WEAK]
  302 0000003A                 EXPORT           OTG_FS_WKUP_IRQHandler         
   [WEAK]
  303 0000003A                 EXPORT           DMA1_Stream7_IRQHandler        
   [WEAK]
  304 0000003A                 EXPORT           SDIO_IRQHandler                
   [WEAK]
  305 0000003A                 EXPORT           TIM5_IRQHandler                
   [WEAK]
  306 0000003A                 EXPORT           SPI3_IRQHandler                
   [WEAK]
  307 0000003A                 EXPORT           DMA2_Stream0_IRQHandler        
   [WEAK]
  308 0000003A                 EXPORT           DMA2_Stream1_IRQHandler        
   [WEAK]
  309 0000003A                 EXPORT           DMA2_Stream2_IRQHandler        
   [WEAK]
  310 0000003A                 EXPORT           DMA2_Stream3_IRQHandler        
   [WEAK]
  311 0000003A                 EXPORT           DMA2_Stream4_IRQHandler        
   [WEAK]
  312 0000003A                 EXPORT           OTG_FS_IRQHandler              
   [WEAK]
  313 0000003A                 EXPORT           DMA2_Stream5_IRQHandler        
   [WEAK]
  314 0000003A                 EXPORT           DMA2_Stream6_IRQHandler        
   [WEAK]
  315 0000003A                 EXPORT           DMA2_Stream7_IRQHandler        
   [WEAK]
  316 0000003A                 EXPORT           USART6_IRQHandler              
   [WEAK]
  317 0000003A                 EXPORT           I2C3_EV_IRQHandler             
   [WEAK]
  318 0000003A                 EXPORT           I2C3_ER_IRQHandler             
   [WEAK]
  319 0000003A                 EXPORT           FPU_IRQHandler                 
   [WEAK]
  320 0000003A                 EXPORT           SPI4_IRQHandler                
   [WEAK]
  321 0000003A                 EXPORT           SPI5_IRQHandler                
   [WEAK]
  322 0000003A         
  323 0000003A         WWDG_IRQHandler
  324 0000003A         PVD_IRQHandler
  325 0000003A         TAMP_STAMP_IRQHandler
  326 0000003A         RTC_WKUP_IRQHandler
  327 0000003A         FLASH_IRQHandler
  328 0000003A         RCC_IRQHandler



ARM Macro Assembler    Page 12 


  329 0000003A         EXTI0_IRQHandler
  330 0000003A         EXTI1_IRQHandler
  331 0000003A         EXTI2_IRQHandler
  332 0000003A         EXTI3_IRQHandler
  333 0000003A         EXTI4_IRQHandler
  334 0000003A         DMA1_Stream0_IRQHandler
  335 0000003A         DMA1_Stream1_IRQHandler
  336 0000003A         DMA1_Stream2_IRQHandler
  337 0000003A         DMA1_Stream3_IRQHandler
  338 0000003A         DMA1_Stream4_IRQHandler
  339 0000003A         DMA1_Stream5_IRQHandler
  340 0000003A         DMA1_Stream6_IRQHandler
  341 0000003A         ADC_IRQHandler
  342 0000003A         EXTI9_5_IRQHandler
  343 0000003A         TIM1_BRK_TIM9_IRQHandler
  344 0000003A         TIM1_UP_TIM10_IRQHandler
  345 0000003A         TIM1_TRG_COM_TIM11_IRQHandler
  346 0000003A         TIM1_CC_IRQHandler
  347 0000003A         TIM2_IRQHandler
  348 0000003A         TIM3_IRQHandler
  349 0000003A         TIM4_IRQHandler
  350 0000003A         I2C1_EV_IRQHandler
  351 0000003A         I2C1_ER_IRQHandler
  352 0000003A         I2C2_EV_IRQHandler
  353 0000003A         I2C2_ER_IRQHandler
  354 0000003A         SPI1_IRQHandler
  355 0000003A         SPI2_IRQHandler
  356 0000003A         USART1_IRQHandler
  357 0000003A         USART2_IRQHandler
  358 0000003A         EXTI15_10_IRQHandler
  359 0000003A         RTC_Alarm_IRQHandler
  360 0000003A         OTG_FS_WKUP_IRQHandler
  361 0000003A         DMA1_Stream7_IRQHandler
  362 0000003A         SDIO_IRQHandler
  363 0000003A         TIM5_IRQHandler
  364 0000003A         SPI3_IRQHandler
  365 0000003A         DMA2_Stream0_IRQHandler
  366 0000003A         DMA2_Stream1_IRQHandler
  367 0000003A         DMA2_Stream2_IRQHandler
  368 0000003A         DMA2_Stream3_IRQHandler
  369 0000003A         DMA2_Stream4_IRQHandler
  370 0000003A         OTG_FS_IRQHandler
  371 0000003A         DMA2_Stream5_IRQHandler
  372 0000003A         DMA2_Stream6_IRQHandler
  373 0000003A         DMA2_Stream7_IRQHandler
  374 0000003A         USART6_IRQHandler
  375 0000003A         I2C3_EV_IRQHandler
  376 0000003A         I2C3_ER_IRQHandler
  377 0000003A         FPU_IRQHandler
  378 0000003A         SPI4_IRQHandler
  379 0000003A         SPI5_IRQHandler
  380 0000003A         
  381 0000003A E7FE            B                .
  382 0000003C         
  383 0000003C                 ENDP
  384 0000003C         
  385 0000003C                 ALIGN
  386 0000003C         
  387 0000003C         ;*******************************************************



ARM Macro Assembler    Page 13 


                       ************************
  388 0000003C         ; User Stack and Heap initialization
  389 0000003C         ;*******************************************************
                       ************************
  390 0000003C                 IF               :DEF:__MICROLIB
  391 0000003C         
  392 0000003C                 EXPORT           __initial_sp
  393 0000003C                 EXPORT           __heap_base
  394 0000003C                 EXPORT           __heap_limit
  395 0000003C         
  396 0000003C                 ELSE
  411                          ENDIF
  412 0000003C         
  413 0000003C                 END
              E000ED88 
              E000EF34 
              00000000 
              00000000 
Command Line: --debug --xref --diag_suppress=9931 --cpu=Cortex-M4.fp --apcs=int
erwork --depend=.\output\startup_stm32f411xe.d -o.\output\startup_stm32f411xe.o
 -I.\RTE\_________ -Ie:\Keil_v5\ARM\PACK\Keil\STM32F4xx_DFP\2.13.0\Drivers\CMSI
S\Device\ST\STM32F4xx\Include -Ie:\Keil_v5\ARM\CMSIS\Include --predefine="__MIC
ROLIB SETA 1" --predefine="__UVISION_VERSION SETA 523" --predefine="STM32F411xE
 SETA 1" --list=.\listing\startup_stm32f411xe.lst ..\..\Libraries\CMSIS\Device\
ST\STM32F4xx\Source\Templates\arm\startup_stm32f411xe.s



ARM Macro Assembler    Page 1 Alphabetic symbol ordering
Relocatable symbols

STACK 00000000

Symbol: STACK
   Definitions
      At line 50 in file ..\..\Libraries\CMSIS\Device\ST\STM32F4xx\Source\Templ
ates\arm\startup_stm32f411xe.s
   Uses
      None
Comment: STACK unused
Stack_Mem 00000000

Symbol: Stack_Mem
   Definitions
      At line 51 in file ..\..\Libraries\CMSIS\Device\ST\STM32F4xx\Source\Templ
ates\arm\startup_stm32f411xe.s
   Uses
      None
Comment: Stack_Mem unused
__initial_sp 00001000

Symbol: __initial_sp
   Definitions
      At line 52 in file ..\..\Libraries\CMSIS\Device\ST\STM32F4xx\Source\Templ
ates\arm\startup_stm32f411xe.s
   Uses
      At line 76 in file ..\..\Libraries\CMSIS\Device\ST\STM32F4xx\Source\Templ
ates\arm\startup_stm32f411xe.s
      At line 392 in file ..\..\Libraries\CMSIS\Device\ST\STM32F4xx\Source\Temp
lates\arm\startup_stm32f411xe.s

3 symbols



ARM Macro Assembler    Page 1 Alphabetic symbol ordering
Relocatable symbols

HEAP 00000000

Symbol: HEAP
   Definitions
      At line 61 in file ..\..\Libraries\CMSIS\Device\ST\STM32F4xx\Source\Templ
ates\arm\startup_stm32f411xe.s
   Uses
      None
Comment: HEAP unused
Heap_Mem 00000000

Symbol: Heap_Mem
   Definitions
      At line 63 in file ..\..\Libraries\CMSIS\Device\ST\STM32F4xx\Source\Templ
ates\arm\startup_stm32f411xe.s
   Uses
      None
Comment: Heap_Mem unused
__heap_base 00000000

Symbol: __heap_base
   Definitions
      At line 62 in file ..\..\Libraries\CMSIS\Device\ST\STM32F4xx\Source\Templ
ates\arm\startup_stm32f411xe.s
   Uses
      At line 393 in file ..\..\Libraries\CMSIS\Device\ST\STM32F4xx\Source\Temp
lates\arm\startup_stm32f411xe.s
Comment: __heap_base used once
__heap_limit 00000200

Symbol: __heap_limit
   Definitions
      At line 64 in file ..\..\Libraries\CMSIS\Device\ST\STM32F4xx\Source\Templ
ates\arm\startup_stm32f411xe.s
   Uses
      At line 394 in file ..\..\Libraries\CMSIS\Device\ST\STM32F4xx\Source\Temp
lates\arm\startup_stm32f411xe.s
Comment: __heap_limit used once
4 symbols



ARM Macro Assembler    Page 1 Alphabetic symbol ordering
Relocatable symbols

RESET 00000000

Symbol: RESET
   Definitions
      At line 71 in file ..\..\Libraries\CMSIS\Device\ST\STM32F4xx\Source\Templ
ates\arm\startup_stm32f411xe.s
   Uses
      None
Comment: RESET unused
__Vectors 00000000

Symbol: __Vectors
   Definitions
      At line 76 in file ..\..\Libraries\CMSIS\Device\ST\STM32F4xx\Source\Templ
ates\arm\startup_stm32f411xe.s
   Uses
      At line 72 in file ..\..\Libraries\CMSIS\Device\ST\STM32F4xx\Source\Templ
ates\arm\startup_stm32f411xe.s
      At line 183 in file ..\..\Libraries\CMSIS\Device\ST\STM32F4xx\Source\Temp
lates\arm\startup_stm32f411xe.s

__Vectors_End 00000198

Symbol: __Vectors_End
   Definitions
      At line 181 in file ..\..\Libraries\CMSIS\Device\ST\STM32F4xx\Source\Temp
lates\arm\startup_stm32f411xe.s
   Uses
      At line 73 in file ..\..\Libraries\CMSIS\Device\ST\STM32F4xx\Source\Templ
ates\arm\startup_stm32f411xe.s
      At line 183 in file ..\..\Libraries\CMSIS\Device\ST\STM32F4xx\Source\Temp
lates\arm\startup_stm32f411xe.s

3 symbols



ARM Macro Assembler    Page 1 Alphabetic symbol ordering
Relocatable symbols

.text 00000000

Symbol: .text
   Definitions
      At line 185 in file ..\..\Libraries\CMSIS\Device\ST\STM32F4xx\Source\Temp
lates\arm\startup_stm32f411xe.s
   Uses
      None
Comment: .text unused
ADC_IRQHandler 0000003A

Symbol: ADC_IRQHandler
   Definitions
      At line 341 in file ..\..\Libraries\CMSIS\Device\ST\STM32F4xx\Source\Temp
lates\arm\startup_stm32f411xe.s
   Uses
      At line 112 in file ..\..\Libraries\CMSIS\Device\ST\STM32F4xx\Source\Temp
lates\arm\startup_stm32f411xe.s
      At line 283 in file ..\..\Libraries\CMSIS\Device\ST\STM32F4xx\Source\Temp
lates\arm\startup_stm32f411xe.s

BusFault_Handler 0000002E

Symbol: BusFault_Handler
   Definitions
      At line 234 in file ..\..\Libraries\CMSIS\Device\ST\STM32F4xx\Source\Temp
lates\arm\startup_stm32f411xe.s
   Uses
      At line 81 in file ..\..\Libraries\CMSIS\Device\ST\STM32F4xx\Source\Templ
ates\arm\startup_stm32f411xe.s
      At line 235 in file ..\..\Libraries\CMSIS\Device\ST\STM32F4xx\Source\Temp
lates\arm\startup_stm32f411xe.s

DMA1_Stream0_IRQHandler 0000003A

Symbol: DMA1_Stream0_IRQHandler
   Definitions
      At line 334 in file ..\..\Libraries\CMSIS\Device\ST\STM32F4xx\Source\Temp
lates\arm\startup_stm32f411xe.s
   Uses
      At line 105 in file ..\..\Libraries\CMSIS\Device\ST\STM32F4xx\Source\Temp
lates\arm\startup_stm32f411xe.s
      At line 276 in file ..\..\Libraries\CMSIS\Device\ST\STM32F4xx\Source\Temp
lates\arm\startup_stm32f411xe.s

DMA1_Stream1_IRQHandler 0000003A

Symbol: DMA1_Stream1_IRQHandler
   Definitions
      At line 335 in file ..\..\Libraries\CMSIS\Device\ST\STM32F4xx\Source\Temp
lates\arm\startup_stm32f411xe.s
   Uses
      At line 106 in file ..\..\Libraries\CMSIS\Device\ST\STM32F4xx\Source\Temp
lates\arm\startup_stm32f411xe.s
      At line 277 in file ..\..\Libraries\CMSIS\Device\ST\STM32F4xx\Source\Temp
lates\arm\startup_stm32f411xe.s

DMA1_Stream2_IRQHandler 0000003A




ARM Macro Assembler    Page 2 Alphabetic symbol ordering
Relocatable symbols

Symbol: DMA1_Stream2_IRQHandler
   Definitions
      At line 336 in file ..\..\Libraries\CMSIS\Device\ST\STM32F4xx\Source\Temp
lates\arm\startup_stm32f411xe.s
   Uses
      At line 107 in file ..\..\Libraries\CMSIS\Device\ST\STM32F4xx\Source\Temp
lates\arm\startup_stm32f411xe.s
      At line 278 in file ..\..\Libraries\CMSIS\Device\ST\STM32F4xx\Source\Temp
lates\arm\startup_stm32f411xe.s

DMA1_Stream3_IRQHandler 0000003A

Symbol: DMA1_Stream3_IRQHandler
   Definitions
      At line 337 in file ..\..\Libraries\CMSIS\Device\ST\STM32F4xx\Source\Temp
lates\arm\startup_stm32f411xe.s
   Uses
      At line 108 in file ..\..\Libraries\CMSIS\Device\ST\STM32F4xx\Source\Temp
lates\arm\startup_stm32f411xe.s
      At line 279 in file ..\..\Libraries\CMSIS\Device\ST\STM32F4xx\Source\Temp
lates\arm\startup_stm32f411xe.s

DMA1_Stream4_IRQHandler 0000003A

Symbol: DMA1_Stream4_IRQHandler
   Definitions
      At line 338 in file ..\..\Libraries\CMSIS\Device\ST\STM32F4xx\Source\Temp
lates\arm\startup_stm32f411xe.s
   Uses
      At line 109 in file ..\..\Libraries\CMSIS\Device\ST\STM32F4xx\Source\Temp
lates\arm\startup_stm32f411xe.s
      At line 280 in file ..\..\Libraries\CMSIS\Device\ST\STM32F4xx\Source\Temp
lates\arm\startup_stm32f411xe.s

DMA1_Stream5_IRQHandler 0000003A

Symbol: DMA1_Stream5_IRQHandler
   Definitions
      At line 339 in file ..\..\Libraries\CMSIS\Device\ST\STM32F4xx\Source\Temp
lates\arm\startup_stm32f411xe.s
   Uses
      At line 110 in file ..\..\Libraries\CMSIS\Device\ST\STM32F4xx\Source\Temp
lates\arm\startup_stm32f411xe.s
      At line 281 in file ..\..\Libraries\CMSIS\Device\ST\STM32F4xx\Source\Temp
lates\arm\startup_stm32f411xe.s

DMA1_Stream6_IRQHandler 0000003A

Symbol: DMA1_Stream6_IRQHandler
   Definitions
      At line 340 in file ..\..\Libraries\CMSIS\Device\ST\STM32F4xx\Source\Temp
lates\arm\startup_stm32f411xe.s
   Uses
      At line 111 in file ..\..\Libraries\CMSIS\Device\ST\STM32F4xx\Source\Temp
lates\arm\startup_stm32f411xe.s
      At line 282 in file ..\..\Libraries\CMSIS\Device\ST\STM32F4xx\Source\Temp
lates\arm\startup_stm32f411xe.s

DMA1_Stream7_IRQHandler 0000003A



ARM Macro Assembler    Page 3 Alphabetic symbol ordering
Relocatable symbols


Symbol: DMA1_Stream7_IRQHandler
   Definitions
      At line 361 in file ..\..\Libraries\CMSIS\Device\ST\STM32F4xx\Source\Temp
lates\arm\startup_stm32f411xe.s
   Uses
      At line 141 in file ..\..\Libraries\CMSIS\Device\ST\STM32F4xx\Source\Temp
lates\arm\startup_stm32f411xe.s
      At line 303 in file ..\..\Libraries\CMSIS\Device\ST\STM32F4xx\Source\Temp
lates\arm\startup_stm32f411xe.s

DMA2_Stream0_IRQHandler 0000003A

Symbol: DMA2_Stream0_IRQHandler
   Definitions
      At line 365 in file ..\..\Libraries\CMSIS\Device\ST\STM32F4xx\Source\Temp
lates\arm\startup_stm32f411xe.s
   Uses
      At line 150 in file ..\..\Libraries\CMSIS\Device\ST\STM32F4xx\Source\Temp
lates\arm\startup_stm32f411xe.s
      At line 307 in file ..\..\Libraries\CMSIS\Device\ST\STM32F4xx\Source\Temp
lates\arm\startup_stm32f411xe.s

DMA2_Stream1_IRQHandler 0000003A

Symbol: DMA2_Stream1_IRQHandler
   Definitions
      At line 366 in file ..\..\Libraries\CMSIS\Device\ST\STM32F4xx\Source\Temp
lates\arm\startup_stm32f411xe.s
   Uses
      At line 151 in file ..\..\Libraries\CMSIS\Device\ST\STM32F4xx\Source\Temp
lates\arm\startup_stm32f411xe.s
      At line 308 in file ..\..\Libraries\CMSIS\Device\ST\STM32F4xx\Source\Temp
lates\arm\startup_stm32f411xe.s

DMA2_Stream2_IRQHandler 0000003A

Symbol: DMA2_Stream2_IRQHandler
   Definitions
      At line 367 in file ..\..\Libraries\CMSIS\Device\ST\STM32F4xx\Source\Temp
lates\arm\startup_stm32f411xe.s
   Uses
      At line 152 in file ..\..\Libraries\CMSIS\Device\ST\STM32F4xx\Source\Temp
lates\arm\startup_stm32f411xe.s
      At line 309 in file ..\..\Libraries\CMSIS\Device\ST\STM32F4xx\Source\Temp
lates\arm\startup_stm32f411xe.s

DMA2_Stream3_IRQHandler 0000003A

Symbol: DMA2_Stream3_IRQHandler
   Definitions
      At line 368 in file ..\..\Libraries\CMSIS\Device\ST\STM32F4xx\Source\Temp
lates\arm\startup_stm32f411xe.s
   Uses
      At line 153 in file ..\..\Libraries\CMSIS\Device\ST\STM32F4xx\Source\Temp
lates\arm\startup_stm32f411xe.s
      At line 310 in file ..\..\Libraries\CMSIS\Device\ST\STM32F4xx\Source\Temp
lates\arm\startup_stm32f411xe.s




ARM Macro Assembler    Page 4 Alphabetic symbol ordering
Relocatable symbols

DMA2_Stream4_IRQHandler 0000003A

Symbol: DMA2_Stream4_IRQHandler
   Definitions
      At line 369 in file ..\..\Libraries\CMSIS\Device\ST\STM32F4xx\Source\Temp
lates\arm\startup_stm32f411xe.s
   Uses
      At line 154 in file ..\..\Libraries\CMSIS\Device\ST\STM32F4xx\Source\Temp
lates\arm\startup_stm32f411xe.s
      At line 311 in file ..\..\Libraries\CMSIS\Device\ST\STM32F4xx\Source\Temp
lates\arm\startup_stm32f411xe.s

DMA2_Stream5_IRQHandler 0000003A

Symbol: DMA2_Stream5_IRQHandler
   Definitions
      At line 371 in file ..\..\Libraries\CMSIS\Device\ST\STM32F4xx\Source\Temp
lates\arm\startup_stm32f411xe.s
   Uses
      At line 162 in file ..\..\Libraries\CMSIS\Device\ST\STM32F4xx\Source\Temp
lates\arm\startup_stm32f411xe.s
      At line 313 in file ..\..\Libraries\CMSIS\Device\ST\STM32F4xx\Source\Temp
lates\arm\startup_stm32f411xe.s

DMA2_Stream6_IRQHandler 0000003A

Symbol: DMA2_Stream6_IRQHandler
   Definitions
      At line 372 in file ..\..\Libraries\CMSIS\Device\ST\STM32F4xx\Source\Temp
lates\arm\startup_stm32f411xe.s
   Uses
      At line 163 in file ..\..\Libraries\CMSIS\Device\ST\STM32F4xx\Source\Temp
lates\arm\startup_stm32f411xe.s
      At line 314 in file ..\..\Libraries\CMSIS\Device\ST\STM32F4xx\Source\Temp
lates\arm\startup_stm32f411xe.s

DMA2_Stream7_IRQHandler 0000003A

Symbol: DMA2_Stream7_IRQHandler
   Definitions
      At line 373 in file ..\..\Libraries\CMSIS\Device\ST\STM32F4xx\Source\Temp
lates\arm\startup_stm32f411xe.s
   Uses
      At line 164 in file ..\..\Libraries\CMSIS\Device\ST\STM32F4xx\Source\Temp
lates\arm\startup_stm32f411xe.s
      At line 315 in file ..\..\Libraries\CMSIS\Device\ST\STM32F4xx\Source\Temp
lates\arm\startup_stm32f411xe.s

DebugMon_Handler 00000034

Symbol: DebugMon_Handler
   Definitions
      At line 248 in file ..\..\Libraries\CMSIS\Device\ST\STM32F4xx\Source\Temp
lates\arm\startup_stm32f411xe.s
   Uses
      At line 88 in file ..\..\Libraries\CMSIS\Device\ST\STM32F4xx\Source\Templ
ates\arm\startup_stm32f411xe.s
      At line 249 in file ..\..\Libraries\CMSIS\Device\ST\STM32F4xx\Source\Temp
lates\arm\startup_stm32f411xe.s



ARM Macro Assembler    Page 5 Alphabetic symbol ordering
Relocatable symbols


Default_Handler 0000003A

Symbol: Default_Handler
   Definitions
      At line 263 in file ..\..\Libraries\CMSIS\Device\ST\STM32F4xx\Source\Temp
lates\arm\startup_stm32f411xe.s
   Uses
      None
Comment: Default_Handler unused
EXTI0_IRQHandler 0000003A

Symbol: EXTI0_IRQHandler
   Definitions
      At line 329 in file ..\..\Libraries\CMSIS\Device\ST\STM32F4xx\Source\Temp
lates\arm\startup_stm32f411xe.s
   Uses
      At line 100 in file ..\..\Libraries\CMSIS\Device\ST\STM32F4xx\Source\Temp
lates\arm\startup_stm32f411xe.s
      At line 271 in file ..\..\Libraries\CMSIS\Device\ST\STM32F4xx\Source\Temp
lates\arm\startup_stm32f411xe.s

EXTI15_10_IRQHandler 0000003A

Symbol: EXTI15_10_IRQHandler
   Definitions
      At line 358 in file ..\..\Libraries\CMSIS\Device\ST\STM32F4xx\Source\Temp
lates\arm\startup_stm32f411xe.s
   Uses
      At line 134 in file ..\..\Libraries\CMSIS\Device\ST\STM32F4xx\Source\Temp
lates\arm\startup_stm32f411xe.s
      At line 300 in file ..\..\Libraries\CMSIS\Device\ST\STM32F4xx\Source\Temp
lates\arm\startup_stm32f411xe.s

EXTI1_IRQHandler 0000003A

Symbol: EXTI1_IRQHandler
   Definitions
      At line 330 in file ..\..\Libraries\CMSIS\Device\ST\STM32F4xx\Source\Temp
lates\arm\startup_stm32f411xe.s
   Uses
      At line 101 in file ..\..\Libraries\CMSIS\Device\ST\STM32F4xx\Source\Temp
lates\arm\startup_stm32f411xe.s
      At line 272 in file ..\..\Libraries\CMSIS\Device\ST\STM32F4xx\Source\Temp
lates\arm\startup_stm32f411xe.s

EXTI2_IRQHandler 0000003A

Symbol: EXTI2_IRQHandler
   Definitions
      At line 331 in file ..\..\Libraries\CMSIS\Device\ST\STM32F4xx\Source\Temp
lates\arm\startup_stm32f411xe.s
   Uses
      At line 102 in file ..\..\Libraries\CMSIS\Device\ST\STM32F4xx\Source\Temp
lates\arm\startup_stm32f411xe.s
      At line 273 in file ..\..\Libraries\CMSIS\Device\ST\STM32F4xx\Source\Temp
lates\arm\startup_stm32f411xe.s

EXTI3_IRQHandler 0000003A



ARM Macro Assembler    Page 6 Alphabetic symbol ordering
Relocatable symbols


Symbol: EXTI3_IRQHandler
   Definitions
      At line 332 in file ..\..\Libraries\CMSIS\Device\ST\STM32F4xx\Source\Temp
lates\arm\startup_stm32f411xe.s
   Uses
      At line 103 in file ..\..\Libraries\CMSIS\Device\ST\STM32F4xx\Source\Temp
lates\arm\startup_stm32f411xe.s
      At line 274 in file ..\..\Libraries\CMSIS\Device\ST\STM32F4xx\Source\Temp
lates\arm\startup_stm32f411xe.s

EXTI4_IRQHandler 0000003A

Symbol: EXTI4_IRQHandler
   Definitions
      At line 333 in file ..\..\Libraries\CMSIS\Device\ST\STM32F4xx\Source\Temp
lates\arm\startup_stm32f411xe.s
   Uses
      At line 104 in file ..\..\Libraries\CMSIS\Device\ST\STM32F4xx\Source\Temp
lates\arm\startup_stm32f411xe.s
      At line 275 in file ..\..\Libraries\CMSIS\Device\ST\STM32F4xx\Source\Temp
lates\arm\startup_stm32f411xe.s

EXTI9_5_IRQHandler 0000003A

Symbol: EXTI9_5_IRQHandler
   Definitions
      At line 342 in file ..\..\Libraries\CMSIS\Device\ST\STM32F4xx\Source\Temp
lates\arm\startup_stm32f411xe.s
   Uses
      At line 117 in file ..\..\Libraries\CMSIS\Device\ST\STM32F4xx\Source\Temp
lates\arm\startup_stm32f411xe.s
      At line 284 in file ..\..\Libraries\CMSIS\Device\ST\STM32F4xx\Source\Temp
lates\arm\startup_stm32f411xe.s

FLASH_IRQHandler 0000003A

Symbol: FLASH_IRQHandler
   Definitions
      At line 327 in file ..\..\Libraries\CMSIS\Device\ST\STM32F4xx\Source\Temp
lates\arm\startup_stm32f411xe.s
   Uses
      At line 98 in file ..\..\Libraries\CMSIS\Device\ST\STM32F4xx\Source\Templ
ates\arm\startup_stm32f411xe.s
      At line 269 in file ..\..\Libraries\CMSIS\Device\ST\STM32F4xx\Source\Temp
lates\arm\startup_stm32f411xe.s

FPU_IRQHandler 0000003A

Symbol: FPU_IRQHandler
   Definitions
      At line 377 in file ..\..\Libraries\CMSIS\Device\ST\STM32F4xx\Source\Temp
lates\arm\startup_stm32f411xe.s
   Uses
      At line 175 in file ..\..\Libraries\CMSIS\Device\ST\STM32F4xx\Source\Temp
lates\arm\startup_stm32f411xe.s
      At line 319 in file ..\..\Libraries\CMSIS\Device\ST\STM32F4xx\Source\Temp
lates\arm\startup_stm32f411xe.s




ARM Macro Assembler    Page 7 Alphabetic symbol ordering
Relocatable symbols

HardFault_Handler 0000002A

Symbol: HardFault_Handler
   Definitions
      At line 224 in file ..\..\Libraries\CMSIS\Device\ST\STM32F4xx\Source\Temp
lates\arm\startup_stm32f411xe.s
   Uses
      At line 79 in file ..\..\Libraries\CMSIS\Device\ST\STM32F4xx\Source\Templ
ates\arm\startup_stm32f411xe.s
      At line 225 in file ..\..\Libraries\CMSIS\Device\ST\STM32F4xx\Source\Temp
lates\arm\startup_stm32f411xe.s

I2C1_ER_IRQHandler 0000003A

Symbol: I2C1_ER_IRQHandler
   Definitions
      At line 351 in file ..\..\Libraries\CMSIS\Device\ST\STM32F4xx\Source\Temp
lates\arm\startup_stm32f411xe.s
   Uses
      At line 126 in file ..\..\Libraries\CMSIS\Device\ST\STM32F4xx\Source\Temp
lates\arm\startup_stm32f411xe.s
      At line 293 in file ..\..\Libraries\CMSIS\Device\ST\STM32F4xx\Source\Temp
lates\arm\startup_stm32f411xe.s

I2C1_EV_IRQHandler 0000003A

Symbol: I2C1_EV_IRQHandler
   Definitions
      At line 350 in file ..\..\Libraries\CMSIS\Device\ST\STM32F4xx\Source\Temp
lates\arm\startup_stm32f411xe.s
   Uses
      At line 125 in file ..\..\Libraries\CMSIS\Device\ST\STM32F4xx\Source\Temp
lates\arm\startup_stm32f411xe.s
      At line 292 in file ..\..\Libraries\CMSIS\Device\ST\STM32F4xx\Source\Temp
lates\arm\startup_stm32f411xe.s

I2C2_ER_IRQHandler 0000003A

Symbol: I2C2_ER_IRQHandler
   Definitions
      At line 353 in file ..\..\Libraries\CMSIS\Device\ST\STM32F4xx\Source\Temp
lates\arm\startup_stm32f411xe.s
   Uses
      At line 128 in file ..\..\Libraries\CMSIS\Device\ST\STM32F4xx\Source\Temp
lates\arm\startup_stm32f411xe.s
      At line 295 in file ..\..\Libraries\CMSIS\Device\ST\STM32F4xx\Source\Temp
lates\arm\startup_stm32f411xe.s

I2C2_EV_IRQHandler 0000003A

Symbol: I2C2_EV_IRQHandler
   Definitions
      At line 352 in file ..\..\Libraries\CMSIS\Device\ST\STM32F4xx\Source\Temp
lates\arm\startup_stm32f411xe.s
   Uses
      At line 127 in file ..\..\Libraries\CMSIS\Device\ST\STM32F4xx\Source\Temp
lates\arm\startup_stm32f411xe.s
      At line 294 in file ..\..\Libraries\CMSIS\Device\ST\STM32F4xx\Source\Temp
lates\arm\startup_stm32f411xe.s



ARM Macro Assembler    Page 8 Alphabetic symbol ordering
Relocatable symbols


I2C3_ER_IRQHandler 0000003A

Symbol: I2C3_ER_IRQHandler
   Definitions
      At line 376 in file ..\..\Libraries\CMSIS\Device\ST\STM32F4xx\Source\Temp
lates\arm\startup_stm32f411xe.s
   Uses
      At line 167 in file ..\..\Libraries\CMSIS\Device\ST\STM32F4xx\Source\Temp
lates\arm\startup_stm32f411xe.s
      At line 318 in file ..\..\Libraries\CMSIS\Device\ST\STM32F4xx\Source\Temp
lates\arm\startup_stm32f411xe.s

I2C3_EV_IRQHandler 0000003A

Symbol: I2C3_EV_IRQHandler
   Definitions
      At line 375 in file ..\..\Libraries\CMSIS\Device\ST\STM32F4xx\Source\Temp
lates\arm\startup_stm32f411xe.s
   Uses
      At line 166 in file ..\..\Libraries\CMSIS\Device\ST\STM32F4xx\Source\Temp
lates\arm\startup_stm32f411xe.s
      At line 317 in file ..\..\Libraries\CMSIS\Device\ST\STM32F4xx\Source\Temp
lates\arm\startup_stm32f411xe.s

MemManage_Handler 0000002C

Symbol: MemManage_Handler
   Definitions
      At line 229 in file ..\..\Libraries\CMSIS\Device\ST\STM32F4xx\Source\Temp
lates\arm\startup_stm32f411xe.s
   Uses
      At line 80 in file ..\..\Libraries\CMSIS\Device\ST\STM32F4xx\Source\Templ
ates\arm\startup_stm32f411xe.s
      At line 230 in file ..\..\Libraries\CMSIS\Device\ST\STM32F4xx\Source\Temp
lates\arm\startup_stm32f411xe.s

NMI_Handler 00000028

Symbol: NMI_Handler
   Definitions
      At line 219 in file ..\..\Libraries\CMSIS\Device\ST\STM32F4xx\Source\Temp
lates\arm\startup_stm32f411xe.s
   Uses
      At line 78 in file ..\..\Libraries\CMSIS\Device\ST\STM32F4xx\Source\Templ
ates\arm\startup_stm32f411xe.s
      At line 220 in file ..\..\Libraries\CMSIS\Device\ST\STM32F4xx\Source\Temp
lates\arm\startup_stm32f411xe.s

OS_CPU_PendSVHandler 00000036

Symbol: OS_CPU_PendSVHandler
   Definitions
      At line 253 in file ..\..\Libraries\CMSIS\Device\ST\STM32F4xx\Source\Temp
lates\arm\startup_stm32f411xe.s
   Uses
      At line 90 in file ..\..\Libraries\CMSIS\Device\ST\STM32F4xx\Source\Templ
ates\arm\startup_stm32f411xe.s
      At line 254 in file ..\..\Libraries\CMSIS\Device\ST\STM32F4xx\Source\Temp



ARM Macro Assembler    Page 9 Alphabetic symbol ordering
Relocatable symbols

lates\arm\startup_stm32f411xe.s

OS_CPU_SysTickHandler 00000038

Symbol: OS_CPU_SysTickHandler
   Definitions
      At line 257 in file ..\..\Libraries\CMSIS\Device\ST\STM32F4xx\Source\Temp
lates\arm\startup_stm32f411xe.s
   Uses
      At line 91 in file ..\..\Libraries\CMSIS\Device\ST\STM32F4xx\Source\Templ
ates\arm\startup_stm32f411xe.s
      At line 258 in file ..\..\Libraries\CMSIS\Device\ST\STM32F4xx\Source\Temp
lates\arm\startup_stm32f411xe.s

OTG_FS_IRQHandler 0000003A

Symbol: OTG_FS_IRQHandler
   Definitions
      At line 370 in file ..\..\Libraries\CMSIS\Device\ST\STM32F4xx\Source\Temp
lates\arm\startup_stm32f411xe.s
   Uses
      At line 161 in file ..\..\Libraries\CMSIS\Device\ST\STM32F4xx\Source\Temp
lates\arm\startup_stm32f411xe.s
      At line 312 in file ..\..\Libraries\CMSIS\Device\ST\STM32F4xx\Source\Temp
lates\arm\startup_stm32f411xe.s

OTG_FS_WKUP_IRQHandler 0000003A

Symbol: OTG_FS_WKUP_IRQHandler
   Definitions
      At line 360 in file ..\..\Libraries\CMSIS\Device\ST\STM32F4xx\Source\Temp
lates\arm\startup_stm32f411xe.s
   Uses
      At line 136 in file ..\..\Libraries\CMSIS\Device\ST\STM32F4xx\Source\Temp
lates\arm\startup_stm32f411xe.s
      At line 302 in file ..\..\Libraries\CMSIS\Device\ST\STM32F4xx\Source\Temp
lates\arm\startup_stm32f411xe.s

PVD_IRQHandler 0000003A

Symbol: PVD_IRQHandler
   Definitions
      At line 324 in file ..\..\Libraries\CMSIS\Device\ST\STM32F4xx\Source\Temp
lates\arm\startup_stm32f411xe.s
   Uses
      At line 95 in file ..\..\Libraries\CMSIS\Device\ST\STM32F4xx\Source\Templ
ates\arm\startup_stm32f411xe.s
      At line 266 in file ..\..\Libraries\CMSIS\Device\ST\STM32F4xx\Source\Temp
lates\arm\startup_stm32f411xe.s

RCC_IRQHandler 0000003A

Symbol: RCC_IRQHandler
   Definitions
      At line 328 in file ..\..\Libraries\CMSIS\Device\ST\STM32F4xx\Source\Temp
lates\arm\startup_stm32f411xe.s
   Uses
      At line 99 in file ..\..\Libraries\CMSIS\Device\ST\STM32F4xx\Source\Templ
ates\arm\startup_stm32f411xe.s



ARM Macro Assembler    Page 10 Alphabetic symbol ordering
Relocatable symbols

      At line 270 in file ..\..\Libraries\CMSIS\Device\ST\STM32F4xx\Source\Temp
lates\arm\startup_stm32f411xe.s

RTC_Alarm_IRQHandler 0000003A

Symbol: RTC_Alarm_IRQHandler
   Definitions
      At line 359 in file ..\..\Libraries\CMSIS\Device\ST\STM32F4xx\Source\Temp
lates\arm\startup_stm32f411xe.s
   Uses
      At line 135 in file ..\..\Libraries\CMSIS\Device\ST\STM32F4xx\Source\Temp
lates\arm\startup_stm32f411xe.s
      At line 301 in file ..\..\Libraries\CMSIS\Device\ST\STM32F4xx\Source\Temp
lates\arm\startup_stm32f411xe.s

RTC_WKUP_IRQHandler 0000003A

Symbol: RTC_WKUP_IRQHandler
   Definitions
      At line 326 in file ..\..\Libraries\CMSIS\Device\ST\STM32F4xx\Source\Temp
lates\arm\startup_stm32f411xe.s
   Uses
      At line 97 in file ..\..\Libraries\CMSIS\Device\ST\STM32F4xx\Source\Templ
ates\arm\startup_stm32f411xe.s
      At line 268 in file ..\..\Libraries\CMSIS\Device\ST\STM32F4xx\Source\Temp
lates\arm\startup_stm32f411xe.s

Reset_Handler 00000000

Symbol: Reset_Handler
   Definitions
      At line 188 in file ..\..\Libraries\CMSIS\Device\ST\STM32F4xx\Source\Temp
lates\arm\startup_stm32f411xe.s
   Uses
      At line 77 in file ..\..\Libraries\CMSIS\Device\ST\STM32F4xx\Source\Templ
ates\arm\startup_stm32f411xe.s
      At line 189 in file ..\..\Libraries\CMSIS\Device\ST\STM32F4xx\Source\Temp
lates\arm\startup_stm32f411xe.s

SDIO_IRQHandler 0000003A

Symbol: SDIO_IRQHandler
   Definitions
      At line 362 in file ..\..\Libraries\CMSIS\Device\ST\STM32F4xx\Source\Temp
lates\arm\startup_stm32f411xe.s
   Uses
      At line 143 in file ..\..\Libraries\CMSIS\Device\ST\STM32F4xx\Source\Temp
lates\arm\startup_stm32f411xe.s
      At line 304 in file ..\..\Libraries\CMSIS\Device\ST\STM32F4xx\Source\Temp
lates\arm\startup_stm32f411xe.s

SPI1_IRQHandler 0000003A

Symbol: SPI1_IRQHandler
   Definitions
      At line 354 in file ..\..\Libraries\CMSIS\Device\ST\STM32F4xx\Source\Temp
lates\arm\startup_stm32f411xe.s
   Uses
      At line 129 in file ..\..\Libraries\CMSIS\Device\ST\STM32F4xx\Source\Temp



ARM Macro Assembler    Page 11 Alphabetic symbol ordering
Relocatable symbols

lates\arm\startup_stm32f411xe.s
      At line 296 in file ..\..\Libraries\CMSIS\Device\ST\STM32F4xx\Source\Temp
lates\arm\startup_stm32f411xe.s

SPI2_IRQHandler 0000003A

Symbol: SPI2_IRQHandler
   Definitions
      At line 355 in file ..\..\Libraries\CMSIS\Device\ST\STM32F4xx\Source\Temp
lates\arm\startup_stm32f411xe.s
   Uses
      At line 130 in file ..\..\Libraries\CMSIS\Device\ST\STM32F4xx\Source\Temp
lates\arm\startup_stm32f411xe.s
      At line 297 in file ..\..\Libraries\CMSIS\Device\ST\STM32F4xx\Source\Temp
lates\arm\startup_stm32f411xe.s

SPI3_IRQHandler 0000003A

Symbol: SPI3_IRQHandler
   Definitions
      At line 364 in file ..\..\Libraries\CMSIS\Device\ST\STM32F4xx\Source\Temp
lates\arm\startup_stm32f411xe.s
   Uses
      At line 145 in file ..\..\Libraries\CMSIS\Device\ST\STM32F4xx\Source\Temp
lates\arm\startup_stm32f411xe.s
      At line 306 in file ..\..\Libraries\CMSIS\Device\ST\STM32F4xx\Source\Temp
lates\arm\startup_stm32f411xe.s

SPI4_IRQHandler 0000003A

Symbol: SPI4_IRQHandler
   Definitions
      At line 378 in file ..\..\Libraries\CMSIS\Device\ST\STM32F4xx\Source\Temp
lates\arm\startup_stm32f411xe.s
   Uses
      At line 178 in file ..\..\Libraries\CMSIS\Device\ST\STM32F4xx\Source\Temp
lates\arm\startup_stm32f411xe.s
      At line 320 in file ..\..\Libraries\CMSIS\Device\ST\STM32F4xx\Source\Temp
lates\arm\startup_stm32f411xe.s

SPI5_IRQHandler 0000003A

Symbol: SPI5_IRQHandler
   Definitions
      At line 379 in file ..\..\Libraries\CMSIS\Device\ST\STM32F4xx\Source\Temp
lates\arm\startup_stm32f411xe.s
   Uses
      At line 179 in file ..\..\Libraries\CMSIS\Device\ST\STM32F4xx\Source\Temp
lates\arm\startup_stm32f411xe.s
      At line 321 in file ..\..\Libraries\CMSIS\Device\ST\STM32F4xx\Source\Temp
lates\arm\startup_stm32f411xe.s

SVC_Handler 00000032

Symbol: SVC_Handler
   Definitions
      At line 243 in file ..\..\Libraries\CMSIS\Device\ST\STM32F4xx\Source\Temp
lates\arm\startup_stm32f411xe.s
   Uses



ARM Macro Assembler    Page 12 Alphabetic symbol ordering
Relocatable symbols

      At line 87 in file ..\..\Libraries\CMSIS\Device\ST\STM32F4xx\Source\Templ
ates\arm\startup_stm32f411xe.s
      At line 244 in file ..\..\Libraries\CMSIS\Device\ST\STM32F4xx\Source\Temp
lates\arm\startup_stm32f411xe.s

TAMP_STAMP_IRQHandler 0000003A

Symbol: TAMP_STAMP_IRQHandler
   Definitions
      At line 325 in file ..\..\Libraries\CMSIS\Device\ST\STM32F4xx\Source\Temp
lates\arm\startup_stm32f411xe.s
   Uses
      At line 96 in file ..\..\Libraries\CMSIS\Device\ST\STM32F4xx\Source\Templ
ates\arm\startup_stm32f411xe.s
      At line 267 in file ..\..\Libraries\CMSIS\Device\ST\STM32F4xx\Source\Temp
lates\arm\startup_stm32f411xe.s

TIM1_BRK_TIM9_IRQHandler 0000003A

Symbol: TIM1_BRK_TIM9_IRQHandler
   Definitions
      At line 343 in file ..\..\Libraries\CMSIS\Device\ST\STM32F4xx\Source\Temp
lates\arm\startup_stm32f411xe.s
   Uses
      At line 118 in file ..\..\Libraries\CMSIS\Device\ST\STM32F4xx\Source\Temp
lates\arm\startup_stm32f411xe.s
      At line 285 in file ..\..\Libraries\CMSIS\Device\ST\STM32F4xx\Source\Temp
lates\arm\startup_stm32f411xe.s

TIM1_CC_IRQHandler 0000003A

Symbol: TIM1_CC_IRQHandler
   Definitions
      At line 346 in file ..\..\Libraries\CMSIS\Device\ST\STM32F4xx\Source\Temp
lates\arm\startup_stm32f411xe.s
   Uses
      At line 121 in file ..\..\Libraries\CMSIS\Device\ST\STM32F4xx\Source\Temp
lates\arm\startup_stm32f411xe.s
      At line 288 in file ..\..\Libraries\CMSIS\Device\ST\STM32F4xx\Source\Temp
lates\arm\startup_stm32f411xe.s

TIM1_TRG_COM_TIM11_IRQHandler 0000003A

Symbol: TIM1_TRG_COM_TIM11_IRQHandler
   Definitions
      At line 345 in file ..\..\Libraries\CMSIS\Device\ST\STM32F4xx\Source\Temp
lates\arm\startup_stm32f411xe.s
   Uses
      At line 120 in file ..\..\Libraries\CMSIS\Device\ST\STM32F4xx\Source\Temp
lates\arm\startup_stm32f411xe.s
      At line 287 in file ..\..\Libraries\CMSIS\Device\ST\STM32F4xx\Source\Temp
lates\arm\startup_stm32f411xe.s

TIM1_UP_TIM10_IRQHandler 0000003A

Symbol: TIM1_UP_TIM10_IRQHandler
   Definitions
      At line 344 in file ..\..\Libraries\CMSIS\Device\ST\STM32F4xx\Source\Temp
lates\arm\startup_stm32f411xe.s



ARM Macro Assembler    Page 13 Alphabetic symbol ordering
Relocatable symbols

   Uses
      At line 119 in file ..\..\Libraries\CMSIS\Device\ST\STM32F4xx\Source\Temp
lates\arm\startup_stm32f411xe.s
      At line 286 in file ..\..\Libraries\CMSIS\Device\ST\STM32F4xx\Source\Temp
lates\arm\startup_stm32f411xe.s

TIM2_IRQHandler 0000003A

Symbol: TIM2_IRQHandler
   Definitions
      At line 347 in file ..\..\Libraries\CMSIS\Device\ST\STM32F4xx\Source\Temp
lates\arm\startup_stm32f411xe.s
   Uses
      At line 122 in file ..\..\Libraries\CMSIS\Device\ST\STM32F4xx\Source\Temp
lates\arm\startup_stm32f411xe.s
      At line 289 in file ..\..\Libraries\CMSIS\Device\ST\STM32F4xx\Source\Temp
lates\arm\startup_stm32f411xe.s

TIM3_IRQHandler 0000003A

Symbol: TIM3_IRQHandler
   Definitions
      At line 348 in file ..\..\Libraries\CMSIS\Device\ST\STM32F4xx\Source\Temp
lates\arm\startup_stm32f411xe.s
   Uses
      At line 123 in file ..\..\Libraries\CMSIS\Device\ST\STM32F4xx\Source\Temp
lates\arm\startup_stm32f411xe.s
      At line 290 in file ..\..\Libraries\CMSIS\Device\ST\STM32F4xx\Source\Temp
lates\arm\startup_stm32f411xe.s

TIM4_IRQHandler 0000003A

Symbol: TIM4_IRQHandler
   Definitions
      At line 349 in file ..\..\Libraries\CMSIS\Device\ST\STM32F4xx\Source\Temp
lates\arm\startup_stm32f411xe.s
   Uses
      At line 124 in file ..\..\Libraries\CMSIS\Device\ST\STM32F4xx\Source\Temp
lates\arm\startup_stm32f411xe.s
      At line 291 in file ..\..\Libraries\CMSIS\Device\ST\STM32F4xx\Source\Temp
lates\arm\startup_stm32f411xe.s

TIM5_IRQHandler 0000003A

Symbol: TIM5_IRQHandler
   Definitions
      At line 363 in file ..\..\Libraries\CMSIS\Device\ST\STM32F4xx\Source\Temp
lates\arm\startup_stm32f411xe.s
   Uses
      At line 144 in file ..\..\Libraries\CMSIS\Device\ST\STM32F4xx\Source\Temp
lates\arm\startup_stm32f411xe.s
      At line 305 in file ..\..\Libraries\CMSIS\Device\ST\STM32F4xx\Source\Temp
lates\arm\startup_stm32f411xe.s

USART1_IRQHandler 0000003A

Symbol: USART1_IRQHandler
   Definitions
      At line 356 in file ..\..\Libraries\CMSIS\Device\ST\STM32F4xx\Source\Temp



ARM Macro Assembler    Page 14 Alphabetic symbol ordering
Relocatable symbols

lates\arm\startup_stm32f411xe.s
   Uses
      At line 131 in file ..\..\Libraries\CMSIS\Device\ST\STM32F4xx\Source\Temp
lates\arm\startup_stm32f411xe.s
      At line 298 in file ..\..\Libraries\CMSIS\Device\ST\STM32F4xx\Source\Temp
lates\arm\startup_stm32f411xe.s

USART2_IRQHandler 0000003A

Symbol: USART2_IRQHandler
   Definitions
      At line 357 in file ..\..\Libraries\CMSIS\Device\ST\STM32F4xx\Source\Temp
lates\arm\startup_stm32f411xe.s
   Uses
      At line 132 in file ..\..\Libraries\CMSIS\Device\ST\STM32F4xx\Source\Temp
lates\arm\startup_stm32f411xe.s
      At line 299 in file ..\..\Libraries\CMSIS\Device\ST\STM32F4xx\Source\Temp
lates\arm\startup_stm32f411xe.s

USART6_IRQHandler 0000003A

Symbol: USART6_IRQHandler
   Definitions
      At line 374 in file ..\..\Libraries\CMSIS\Device\ST\STM32F4xx\Source\Temp
lates\arm\startup_stm32f411xe.s
   Uses
      At line 165 in file ..\..\Libraries\CMSIS\Device\ST\STM32F4xx\Source\Temp
lates\arm\startup_stm32f411xe.s
      At line 316 in file ..\..\Libraries\CMSIS\Device\ST\STM32F4xx\Source\Temp
lates\arm\startup_stm32f411xe.s

UsageFault_Handler 00000030

Symbol: UsageFault_Handler
   Definitions
      At line 239 in file ..\..\Libraries\CMSIS\Device\ST\STM32F4xx\Source\Temp
lates\arm\startup_stm32f411xe.s
   Uses
      At line 82 in file ..\..\Libraries\CMSIS\Device\ST\STM32F4xx\Source\Templ
ates\arm\startup_stm32f411xe.s
      At line 240 in file ..\..\Libraries\CMSIS\Device\ST\STM32F4xx\Source\Temp
lates\arm\startup_stm32f411xe.s

WWDG_IRQHandler 0000003A

Symbol: WWDG_IRQHandler
   Definitions
      At line 323 in file ..\..\Libraries\CMSIS\Device\ST\STM32F4xx\Source\Temp
lates\arm\startup_stm32f411xe.s
   Uses
      At line 94 in file ..\..\Libraries\CMSIS\Device\ST\STM32F4xx\Source\Templ
ates\arm\startup_stm32f411xe.s
      At line 265 in file ..\..\Libraries\CMSIS\Device\ST\STM32F4xx\Source\Temp
lates\arm\startup_stm32f411xe.s

69 symbols



ARM Macro Assembler    Page 1 Alphabetic symbol ordering
Absolute symbols

Heap_Size 00000200

Symbol: Heap_Size
   Definitions
      At line 59 in file ..\..\Libraries\CMSIS\Device\ST\STM32F4xx\Source\Templ
ates\arm\startup_stm32f411xe.s
   Uses
      At line 63 in file ..\..\Libraries\CMSIS\Device\ST\STM32F4xx\Source\Templ
ates\arm\startup_stm32f411xe.s
Comment: Heap_Size used once
Stack_Size 00001000

Symbol: Stack_Size
   Definitions
      At line 48 in file ..\..\Libraries\CMSIS\Device\ST\STM32F4xx\Source\Templ
ates\arm\startup_stm32f411xe.s
   Uses
      At line 51 in file ..\..\Libraries\CMSIS\Device\ST\STM32F4xx\Source\Templ
ates\arm\startup_stm32f411xe.s
Comment: Stack_Size used once
__Vectors_Size 00000198

Symbol: __Vectors_Size
   Definitions
      At line 183 in file ..\..\Libraries\CMSIS\Device\ST\STM32F4xx\Source\Temp
lates\arm\startup_stm32f411xe.s
   Uses
      At line 74 in file ..\..\Libraries\CMSIS\Device\ST\STM32F4xx\Source\Templ
ates\arm\startup_stm32f411xe.s
Comment: __Vectors_Size used once
3 symbols



ARM Macro Assembler    Page 1 Alphabetic symbol ordering
External symbols

SystemInit 00000000

Symbol: SystemInit
   Definitions
      At line 190 in file ..\..\Libraries\CMSIS\Device\ST\STM32F4xx\Source\Temp
lates\arm\startup_stm32f411xe.s
   Uses
      At line 211 in file ..\..\Libraries\CMSIS\Device\ST\STM32F4xx\Source\Temp
lates\arm\startup_stm32f411xe.s
Comment: SystemInit used once
__main 00000000

Symbol: __main
   Definitions
      At line 191 in file ..\..\Libraries\CMSIS\Device\ST\STM32F4xx\Source\Temp
lates\arm\startup_stm32f411xe.s
   Uses
      At line 213 in file ..\..\Libraries\CMSIS\Device\ST\STM32F4xx\Source\Temp
lates\arm\startup_stm32f411xe.s
Comment: __main used once
2 symbols
420 symbols in table
